<?xml version="1.0" encoding="UTF-8"?>
<testng-results skipped="0" failed="0" ignored="0" total="1" passed="1">
  <reporter-output>
  </reporter-output>
  <suite name="Default suite" duration-ms="59" started-at="2020-05-06T01:17:14Z" finished-at="2020-05-06T01:17:14Z">
    <groups>
    </groups>
    <test name="Default test" duration-ms="59" started-at="2020-05-06T01:17:14Z" finished-at="2020-05-06T01:17:14Z">
      <class name="understandtestng1">
        <test-method status="PASS" signature="testng()[pri:0, instance:understandtestng1@2344fc66]" name="testng" duration-ms="19" started-at="2020-05-05T21:17:14Z" finished-at="2020-05-05T21:17:14Z">
          <reporter-output>
          </reporter-output>
        </test-method> <!-- testng -->
      </class> <!-- understandtestng1 -->
    </test> <!-- Default test -->
  </suite> <!-- Default suite -->
</testng-results>
